<?xml version="1.0" encoding="UTF-8"?>
<!-- Generated by org.testng.reporters.JUnitXMLReporter -->
<testsuite hostname="LAPTOP-UK7PKGHG" ignored="0" name="Test" tests="4" failures="0" timestamp="19 Oct 2019 05:18:35 GMT" time="0.137" errors="0">
  <testcase name="FTC01" time="0.032" classname="testNGMultiple.FirstTC"/>
  <testcase name="FTC02" time="0.005" classname="testNGMultiple.FirstTC"/>
  <testcase name="STC01" time="0.003" classname="testNGMultiple.SecondTC"/>
  <testcase name="STC02" time="0.003" classname="testNGMultiple.SecondTC"/>
</testsuite> <!-- Test -->
